PawnAndroidApp/app/build/intermediates/manifest_merge_blame_file/release/manifest-merger-blame-release-report.txt
1<?xml version="1.0" encoding="utf-8"?>
2<manifest xmlns:android="http://schemas.android.com/apk/res/android"
3    package="com.pawnbroking.app"
4    android:versionCode="1"
5    android:versionName="1.0" >
6
7    <uses-sdk
8        android:minSdkVersion="21"
9        android:targetSdkVersion="34" />
10
11    <uses-permission android:name="android.permission.INTERNET" />
11-->src\main\AndroidManifest.xml:4:5-67
11-->src\main\AndroidManifest.xml:4:22-64
12
13    <permission
13-->[androidx.core:core:1.9.0] AndroidManifest.xml:22:5-24:47
14        android:name="com.pawnbroking.app.DYNAMIC_RECEIVER_NOT_EXPORTED_PERMISSION"
14-->[androidx.core:core:1.9.0] AndroidManifest.xml:23:9-81
15        android:protectionLevel="signature" />
15-->[androidx.core:core:1.9.0] AndroidManifest.xml:24:9-44
16
17    <uses-permission android:name="com.pawnbroking.app.DYNAMIC_RECEIVER_NOT_EXPORTED_PERMISSION" />
17-->[androidx.core:core:1.9.0] AndroidManifest.xml:26:5-97
17-->[androidx.core:core:1.9.0] AndroidManifest.xml:26:22-94
18
19    <application
19-->src\main\AndroidManifest.xml:6:5-34:19
20        android:allowBackup="true"
20-->src\main\AndroidManifest.xml:7:9-35
21        android:appComponentFactory="androidx.core.app.CoreComponentFactory"
21-->[androidx.core:core:1.9.0] AndroidManifest.xml:28:18-86
22        android:extractNativeLibs="true"
23        android:icon="@mipmap/ic_launcher"
23-->src\main\AndroidManifest.xml:8:9-43
24        android:label="@string/app_name"
24-->src\main\AndroidManifest.xml:10:9-41
25        android:roundIcon="@mipmap/ic_launcher_round"
25-->src\main\AndroidManifest.xml:9:9-54
26        android:theme="@style/Theme.PawnApp"
26-->src\main\AndroidManifest.xml:11:9-45
27        android:usesCleartextTraffic="false" >
27-->src\main\AndroidManifest.xml:12:9-45
28        <activity
28-->src\main\AndroidManifest.xml:14:9-21:20
29            android:name="com.pawnbroking.app.SplashActivity"
29-->src\main\AndroidManifest.xml:15:13-43
30            android:exported="true" >
30-->src\main\AndroidManifest.xml:16:13-36
31            <intent-filter>
31-->src\main\AndroidManifest.xml:17:13-20:29
32                <action android:name="android.intent.action.MAIN" />
32-->src\main\AndroidManifest.xml:18:17-69
32-->src\main\AndroidManifest.xml:18:25-66
33
34                <category android:name="android.intent.category.LAUNCHER" />
34-->src\main\AndroidManifest.xml:19:17-77
34-->src\main\AndroidManifest.xml:19:27-74
35            </intent-filter>
36        </activity>
37        <activity
37-->src\main\AndroidManifest.xml:23:9-76
38            android:name="com.pawnbroking.app.LoginActivity"
38-->src\main\AndroidManifest.xml:23:19-48
39            android:exported="false" />
39-->src\main\AndroidManifest.xml:23:49-73
40        <activity
40-->src\main\AndroidManifest.xml:24:9-75
41            android:name="com.pawnbroking.app.HomeActivity"
41-->src\main\AndroidManifest.xml:24:19-47
42            android:exported="false" />
42-->src\main\AndroidManifest.xml:24:48-72
43        <activity
43-->src\main\AndroidManifest.xml:25:9-76
44            android:name="com.pawnbroking.app.BillsActivity"
44-->src\main\AndroidManifest.xml:25:19-48
45            android:exported="false" />
45-->src\main\AndroidManifest.xml:25:49-73
46        <activity
46-->src\main\AndroidManifest.xml:26:9-81
47            android:name="com.pawnbroking.app.BillDetailActivity"
47-->src\main\AndroidManifest.xml:26:19-53
48            android:exported="false" />
48-->src\main\AndroidManifest.xml:26:54-78
49        <activity
49-->src\main\AndroidManifest.xml:27:9-84
50            android:name="com.pawnbroking.app.TodaysAccountActivity"
50-->src\main\AndroidManifest.xml:27:19-56
51            android:exported="false" />
51-->src\main\AndroidManifest.xml:27:57-81
52        <activity
52-->src\main\AndroidManifest.xml:28:9-85
53            android:name="com.pawnbroking.app.AccountDetailActivity"
53-->src\main\AndroidManifest.xml:28:19-56
54            android:exported="false" />
54-->src\main\AndroidManifest.xml:28:58-82
55        <activity
55-->src\main\AndroidManifest.xml:29:9-85
56            android:name="com.pawnbroking.app.StockDetailsActivity"
56-->src\main\AndroidManifest.xml:29:19-55
57            android:exported="false" />
57-->src\main\AndroidManifest.xml:29:58-82
58        <activity
58-->src\main\AndroidManifest.xml:30:9-85
59            android:name="com.pawnbroking.app.MonthlyReportActivity"
59-->src\main\AndroidManifest.xml:30:19-56
60            android:exported="false" />
60-->src\main\AndroidManifest.xml:30:58-82
61        <activity
61-->src\main\AndroidManifest.xml:31:9-85
62            android:name="com.pawnbroking.app.TrialBalanceActivity"
62-->src\main\AndroidManifest.xml:31:19-55
63            android:exported="false" />
63-->src\main\AndroidManifest.xml:31:58-82
64        <activity
64-->src\main\AndroidManifest.xml:32:9-85
65            android:name="com.pawnbroking.app.CustomersActivity"
65-->src\main\AndroidManifest.xml:32:19-52
66            android:exported="false" />
66-->src\main\AndroidManifest.xml:32:58-82
67
68        <provider
68-->[androidx.emoji2:emoji2:1.2.0] AndroidManifest.xml:24:9-32:20
69            android:name="androidx.startup.InitializationProvider"
69-->[androidx.emoji2:emoji2:1.2.0] AndroidManifest.xml:25:13-67
70            android:authorities="com.pawnbroking.app.androidx-startup"
70-->[androidx.emoji2:emoji2:1.2.0] AndroidManifest.xml:26:13-68
71            android:exported="false" >
71-->[androidx.emoji2:emoji2:1.2.0] AndroidManifest.xml:27:13-37
72            <meta-data
72-->[androidx.emoji2:emoji2:1.2.0] AndroidManifest.xml:29:13-31:52
73                android:name="androidx.emoji2.text.EmojiCompatInitializer"
73-->[androidx.emoji2:emoji2:1.2.0] AndroidManifest.xml:30:17-75
74                android:value="androidx.startup" />
74-->[androidx.emoji2:emoji2:1.2.0] AndroidManifest.xml:31:17-49
75            <meta-data
75-->[androidx.lifecycle:lifecycle-process:2.6.1] AndroidManifest.xml:29:13-31:52
76                android:name="androidx.lifecycle.ProcessLifecycleInitializer"
76-->[androidx.lifecycle:lifecycle-process:2.6.1] AndroidManifest.xml:30:17-78
77                android:value="androidx.startup" />
77-->[androidx.lifecycle:lifecycle-process:2.6.1] AndroidManifest.xml:31:17-49
78            <meta-data
78-->[androidx.profileinstaller:profileinstaller:1.3.0] AndroidManifest.xml:29:13-31:52
79                android:name="androidx.profileinstaller.ProfileInstallerInitializer"
79-->[androidx.profileinstaller:profileinstaller:1.3.0] AndroidManifest.xml:30:17-85
80                android:value="androidx.startup" />
80-->[androidx.profileinstaller:profileinstaller:1.3.0] AndroidManifest.xml:31:17-49
81        </provider>
82
83        <receiver
83-->[androidx.profileinstaller:profileinstaller:1.3.0] AndroidManifest.xml:34:9-52:20
84            android:name="androidx.profileinstaller.ProfileInstallReceiver"
84-->[androidx.profileinstaller:profileinstaller:1.3.0] AndroidManifest.xml:35:13-76
85            android:directBootAware="false"
85-->[androidx.profileinstaller:profileinstaller:1.3.0] AndroidManifest.xml:36:13-44
86            android:enabled="true"
86-->[androidx.profileinstaller:profileinstaller:1.3.0] AndroidManifest.xml:37:13-35
87            android:exported="true"
87-->[androidx.profileinstaller:profileinstaller:1.3.0] AndroidManifest.xml:38:13-36
88            android:permission="android.permission.DUMP" >
88-->[androidx.profileinstaller:profileinstaller:1.3.0] AndroidManifest.xml:39:13-57
89            <intent-filter>
89-->[androidx.profileinstaller:profileinstaller:1.3.0] AndroidManifest.xml:40:13-42:29
90                <action android:name="androidx.profileinstaller.action.INSTALL_PROFILE" />
90-->[androidx.profileinstaller:profileinstaller:1.3.0] AndroidManifest.xml:41:17-91
90-->[androidx.profileinstaller:profileinstaller:1.3.0] AndroidManifest.xml:41:25-88
91            </intent-filter>
92            <intent-filter>
92-->[androidx.profileinstaller:profileinstaller:1.3.0] AndroidManifest.xml:43:13-45:29
93                <action android:name="androidx.profileinstaller.action.SKIP_FILE" />
93-->[androidx.profileinstaller:profileinstaller:1.3.0] AndroidManifest.xml:44:17-85
93-->[androidx.profileinstaller:profileinstaller:1.3.0] AndroidManifest.xml:44:25-82
94            </intent-filter>
95            <intent-filter>
95-->[androidx.profileinstaller:profileinstaller:1.3.0] AndroidManifest.xml:46:13-48:29
96                <action android:name="androidx.profileinstaller.action.SAVE_PROFILE" />
96-->[androidx.profileinstaller:profileinstaller:1.3.0] AndroidManifest.xml:47:17-88
96-->[androidx.profileinstaller:profileinstaller:1.3.0] AndroidManifest.xml:47:25-85
97            </intent-filter>
98            <intent-filter>
98-->[androidx.profileinstaller:profileinstaller:1.3.0] AndroidManifest.xml:49:13-51:29
99                <action android:name="androidx.profileinstaller.action.BENCHMARK_OPERATION" />
99-->[androidx.profileinstaller:profileinstaller:1.3.0] AndroidManifest.xml:50:17-95
99-->[androidx.profileinstaller:profileinstaller:1.3.0] AndroidManifest.xml:50:25-92
100            </intent-filter>
101        </receiver>
102    </application>
103
104</manifest>